{"C:\\Users\\Ksunnik\\game-of-life\\src\\App.tsx": {"path":"C:\\Users\\Ksunnik\\game-of-life\\src\\App.tsx","statementMap":{"0":{"start":{"line":4,"column":19},"end":{"line":23,"column":1}},"1":{"start":{"line":5,"column":38},"end":{"line":5,"column":62}},"2":{"start":{"line":6,"column":15},"end":{"line":6,"column":17}},"3":{"start":{"line":7,"column":18},"end":{"line":7,"column":20}},"4":{"start":{"line":9,"column":13},"end":{"line":12,"column":3}},"5":{"start":{"line":10,"column":4},"end":{"line":10,"column":40}},"6":{"start":{"line":11,"column":4},"end":{"line":11,"column":27}},"7":{"start":{"line":14,"column":2},"end":{"line":22,"column":3}}},"fnMap":{"0":{"name":"(anonymous_0)","decl":{"start":{"line":4,"column":19},"end":{"line":4,"column":20}},"loc":{"start":{"line":4,"column":25},"end":{"line":23,"column":1}},"line":4},"1":{"name":"(anonymous_1)","decl":{"start":{"line":9,"column":13},"end":{"line":9,"column":14}},"loc":{"start":{"line":9,"column":45},"end":{"line":12,"column":3}},"line":9}},"branchMap":{},"s":{"0":1,"1":1,"2":1,"3":1,"4":1,"5":0,"6":0,"7":1},"f":{"0":1,"1":0},"b":{},"_coverageSchema":"1a1c01bbd47fc00a2c39e90264f33305004495a9","hash":"145e3687cf274940aef2c8a83a0bbdbfd1977deb"}
,"C:\\Users\\Ksunnik\\game-of-life\\src\\components\\Cell.tsx": {"path":"C:\\Users\\Ksunnik\\game-of-life\\src\\components\\Cell.tsx","statementMap":{"0":{"start":{"line":15,"column":17},"end":{"line":21,"column":1}},"1":{"start":{"line":23,"column":35},"end":{"line":40,"column":1}},"2":{"start":{"line":30,"column":2},"end":{"line":39,"column":3}},"3":{"start":{"line":34,"column":21},"end":{"line":34,"column":34}}},"fnMap":{"0":{"name":"(anonymous_0)","decl":{"start":{"line":23,"column":35},"end":{"line":23,"column":36}},"loc":{"start":{"line":29,"column":17},"end":{"line":40,"column":1}},"line":29},"1":{"name":"(anonymous_1)","decl":{"start":{"line":34,"column":15},"end":{"line":34,"column":16}},"loc":{"start":{"line":34,"column":21},"end":{"line":34,"column":34}},"line":34}},"branchMap":{},"s":{"0":1,"1":1,"2":100,"3":0},"f":{"0":100,"1":0},"b":{},"_coverageSchema":"1a1c01bbd47fc00a2c39e90264f33305004495a9","hash":"598d7d3d37e09fd3ab54334d4ec665e7b197256a"}
,"C:\\Users\\Ksunnik\\game-of-life\\src\\components\\Grid.tsx": {"path":"C:\\Users\\Ksunnik\\game-of-life\\src\\components\\Grid.tsx","statementMap":{"0":{"start":{"line":11,"column":35},"end":{"line":35,"column":1}},"1":{"start":{"line":12,"column":38},"end":{"line":12,"column":40}},"2":{"start":{"line":13,"column":28},"end":{"line":13,"column":29}},"3":{"start":{"line":15,"column":2},"end":{"line":33,"column":3}},"4":{"start":{"line":15,"column":15},"end":{"line":15,"column":16}},"5":{"start":{"line":16,"column":4},"end":{"line":32,"column":5}},"6":{"start":{"line":16,"column":17},"end":{"line":16,"column":18}},"7":{"start":{"line":17,"column":21},"end":{"line":17,"column":32}},"8":{"start":{"line":18,"column":6},"end":{"line":30,"column":7}},"9":{"start":{"line":24,"column":25},"end":{"line":24,"column":38}},"10":{"start":{"line":31,"column":6},"end":{"line":31,"column":19}},"11":{"start":{"line":34,"column":2},"end":{"line":34,"column":36}},"12":{"start":{"line":37,"column":16},"end":{"line":43,"column":1}}},"fnMap":{"0":{"name":"(anonymous_0)","decl":{"start":{"line":11,"column":35},"end":{"line":11,"column":36}},"loc":{"start":{"line":11,"column":69},"end":{"line":35,"column":1}},"line":11},"1":{"name":"(anonymous_1)","decl":{"start":{"line":24,"column":19},"end":{"line":24,"column":20}},"loc":{"start":{"line":24,"column":25},"end":{"line":24,"column":38}},"line":24}},"branchMap":{},"s":{"0":1,"1":1,"2":1,"3":1,"4":1,"5":10,"6":10,"7":100,"8":100,"9":0,"10":100,"11":1,"12":1},"f":{"0":1,"1":0},"b":{},"_coverageSchema":"1a1c01bbd47fc00a2c39e90264f33305004495a9","hash":"06a8d6ecb6588f74206713eda202e537347dcb63"}
}
