TN:
SF:src\App.tsx
FN:4,(anonymous_0)
FN:9,(anonymous_1)
FNF:2
FNH:1
FNDA:1,(anonymous_0)
FNDA:0,(anonymous_1)
DA:4,1
DA:5,1
DA:6,1
DA:7,1
DA:9,1
DA:10,0
DA:11,0
DA:14,1
LF:8
LH:6
BRF:0
BRH:0
end_of_record
TN:
SF:src\components\Cell.tsx
FN:23,(anonymous_0)
FN:34,(anonymous_1)
FNF:2
FNH:1
FNDA:101,(anonymous_0)
FNDA:0,(anonymous_1)
DA:15,3
DA:23,3
DA:30,101
DA:34,0
LF:4
LH:3
BRF:0
BRH:0
end_of_record
TN:
SF:src\components\Grid.tsx
FN:11,(anonymous_0)
FN:24,(anonymous_1)
FNF:2
FNH:1
FNDA:2,(anonymous_0)
FNDA:0,(anonymous_1)
DA:11,2
DA:12,2
DA:13,2
DA:15,2
DA:16,10
DA:17,100
DA:18,100
DA:24,0
DA:31,100
DA:34,2
DA:37,2
LF:11
LH:10
BRF:0
BRH:0
end_of_record
